[16:59:51] [main/INFO]: Loading for game Minecraft 1.15.2
[16:59:51] [main/INFO]: [FabricLoader] Loading 34 mods: fabric-renderer-api-v1@0.2.9+aea78a250c, minecraft@1.15.2, fabric-networking-blockentity-v0@0.2.3+e08a73050c, fabric-keybindings-v0@0.1.1+dfdb52d60c, fabricloader@0.7.5+build.178, fabric-renderer-indigo@0.2.22+203491ea0c, fabric-containers-v0@0.1.3+b7f9825d0c, fabric-dimensions-v1@0.2.4+203491ea0c, fabric-biomes-v1@0.1.5+3b05f68e0c, fabric-crash-report-info-v1@0.1.2+b7f9825d0c, fabric-events-interaction-v0@0.2.7+a1bd31180c, fabric-api-base@0.1.2+b7f9825d0c, fabric-rendering-v0@1.1.0+534104900c, fabric-rendering-v1@0.1.0+534104900c, fabric-rendering-data-attachment-v1@0.1.3+b7f9825d0c, fabric-resource-loader-v0@0.1.10+06c939b30c, fabric-textures-v0@1.0.4+821cdba70c, fabric-content-registries-v0@0.1.3+b7f9825d0c, fabric-tag-extensions-v0@0.1.3+abd915800c, fabric-rendering-fluids-v1@0.1.6+12515ed90c, fabric-commands-v0@0.1.2+b7f9825d0c, fabric-registry-sync-v0@0.2.6+f3d8141b0c, modid@1.0.0, fabric-blockrenderlayer-v1@1.1.4+c6a8ea890c, fabric-mining-levels-v0@0.1.1+b7f9825d0c, fabric-renderer-registries-v1@2.0.1+5a0f9a600c, fabric-events-lifecycle-v0@0.1.2+b7f9825d0c, fabric-loot-tables-v1@0.1.5+e08a73050c, fabric@0.4.29+build.290-1.15, fabric-item-groups-v0@0.1.6+ec40b2e10c, fabric-models-v0@0.1.0+dfdb52d60c, fabric-particles-v1@0.1.1+dfdb52d60c, fabric-object-builders-v0@0.1.3+e4c9a9c30c, fabric-networking-v0@0.1.7+12515ed90c
[16:59:51] [main/INFO]: SpongePowered MIXIN Subsystem Version=0.8 Source=file:/Users/alexnoble/.gradle/caches/modules-2/files-2.1/net.fabricmc/sponge-mixin/0.8+build.18/af077ad2845a00cde186fa2c99c4dd32bd2a2766/sponge-mixin-0.8+build.18.jar Service=Knot/Fabric Env=CLIENT
[16:59:52] [main/INFO]: Loaded Fabric development mappings for mixin remapper!
[16:59:52] [main/INFO]: Remapping refMap fabric-networking-v0-refmap.json using remapper chain
[16:59:52] [main/INFO]: Remapping refMap fabric-networking-blockentity-v0-refmap.json using remapper chain
[16:59:52] [main/INFO]: Remapping refMap fabric-biomes-v1-refmap.json using remapper chain
[16:59:52] [main/INFO]: Remapping refMap fabric-mining-levels-v0-refmap.json using remapper chain
[16:59:52] [main/INFO]: Remapping refMap fabric-containers-v0-refmap.json using remapper chain
[16:59:52] [main/INFO]: Remapping refMap fabric-renderer-indigo-refmap.json using remapper chain
[16:59:52] [main/INFO]: Remapping refMap fabric-rendering-data-attachment-v1-refmap.json using remapper chain
[16:59:52] [main/INFO]: Remapping refMap fabric-events-interaction-v0-refmap.json using remapper chain
[16:59:52] [main/INFO]: Remapping refMap fabric-loot-tables-v1-refmap.json using remapper chain
[16:59:52] [main/INFO]: Remapping refMap fabric-dimensions-v1-refmap.json using remapper chain
[16:59:52] [main/INFO]: Remapping refMap fabric-renderer-registries-v1-refmap.json using remapper chain
[16:59:52] [main/INFO]: Remapping refMap fabric-textures-v0-refmap.json using remapper chain
[16:59:52] [main/INFO]: Remapping refMap fabric-registry-sync-v0-refmap.json using remapper chain
[16:59:52] [main/INFO]: Remapping refMap fabric-models-v0-refmap.json using remapper chain
[16:59:52] [main/INFO]: Remapping refMap fabric-keybindings-v0-refmap.json using remapper chain
[16:59:52] [main/INFO]: Remapping refMap fabric-blockrenderlayer-v1-refmap.json using remapper chain
[16:59:52] [main/INFO]: Remapping refMap fabric-renderer-api-v1-refmap.json using remapper chain
[16:59:52] [main/INFO]: Remapping refMap fabric-containers-v0-refmap.json using remapper chain
[16:59:52] [main/INFO]: Remapping refMap fabric-events-lifecycle-v0-refmap.json using remapper chain
[16:59:52] [main/INFO]: Remapping refMap fabric-rendering-fluids-v1-refmap.json using remapper chain
[16:59:52] [main/INFO]: Remapping refMap fabric-resource-loader-v0-refmap.json using remapper chain
[16:59:52] [main/INFO]: Remapping refMap fabric-particles-v1-refmap.json using remapper chain
[16:59:52] [main/INFO]: Remapping refMap fabric-object-builders-refmap.json using remapper chain
[16:59:52] [main/INFO]: Remapping refMap fabric-tag-extensions-v0-refmap.json using remapper chain
[16:59:52] [main/INFO]: Remapping refMap fabric-rendering-v1-refmap.json using remapper chain
[16:59:52] [main/INFO]: Remapping refMap fabric-item-groups-v0-refmap.json using remapper chain
[16:59:52] [main/INFO]: Remapping refMap fabric-content-registries-v0-refmap.json using remapper chain
[16:59:52] [main/INFO]: Remapping refMap fabric-crash-report-info-v1-refmap.json using remapper chain
[16:59:52] [main/INFO]: Remapping refMap fabric-commands-v0-refmap.json using remapper chain
[16:59:52] [main/INFO]: Remapping refMap fabric-renderer-api-v1-refmap.json using remapper chain
[16:59:54] [main/INFO]: Setting user: Player905
[17:00:03] [main/INFO]: [Indigo] Registering Indigo renderer!
[17:00:03] [main/INFO]: Backend library: LWJGL version 3.2.1 build 12
[17:00:07] [main/INFO]: Reloading ResourceManager: Default, Fabric Renderer API (v1), Fabric Networking Block Entity (v0), Fabric Key Bindings (v0), Fabric Renderer - Indigo, Fabric Containers (v0), Fabric Biomes (v1), Fabric Crash Report Info (v1), Fabric Events Interaction (v0), Fabric API Base, Fabric Rendering (v0), Fabric Rendering (v1), Fabric Rendering Data Attachment (v1), Fabric Resource Loader (v0), Fabric Textures (v0), Fabric Content Registries (v0), Fabric Tag Extensions (v0), Fabric Rendering Fluids (v1), Fabric Commands (v0), Fabric Registry Sync (v0), Beans Mod, Fabric BlockRenderLayer Registration (v1), Fabric Mining Levels (v0), Fabric Renderer Registries (v1), Fabric Events Lifecycle (v0), Fabric Loot Tables (v1), Fabric API, Fabric Item Groups (v0), Fabric Models (v0), Fabric Object Builders (v0), Fabric Networking (v0)
[17:00:08] [Realms Notification Availability checker #1/INFO]: Could not authorize you against Realms server: Invalid session id
[17:00:37] [main/INFO]: OpenAL initialized.
[17:00:37] [main/INFO]: Sound engine started
[17:00:37] [main/INFO]: Created: 1024x1024x4 minecraft:textures/atlas/blocks.png-atlas
[17:00:37] [main/INFO]: Created: 256x128x4 minecraft:textures/atlas/signs.png-atlas
[17:00:37] [main/INFO]: Created: 1024x512x4 minecraft:textures/atlas/banner_patterns.png-atlas
[17:00:37] [main/INFO]: Created: 1024x512x4 minecraft:textures/atlas/shield_patterns.png-atlas
[17:00:37] [main/INFO]: Created: 256x256x4 minecraft:textures/atlas/chest.png-atlas
[17:00:37] [main/INFO]: Created: 512x256x4 minecraft:textures/atlas/beds.png-atlas
[17:00:37] [main/INFO]: Created: 512x256x4 minecraft:textures/atlas/shulker_boxes.png-atlas
[17:00:38] [main/INFO]: Created: 256x256x0 minecraft:textures/atlas/particles.png-atlas
[17:00:38] [main/INFO]: Created: 256x256x0 minecraft:textures/atlas/paintings.png-atlas
[17:00:38] [main/INFO]: Created: 256x128x0 minecraft:textures/atlas/mob_effects.png-atlas
[17:00:55] [main/INFO]: [fabric-registry-sync] Loaded registry data [file 1/4]
[17:00:55] [main/WARN]: Ambiguity between arguments [teleport, destination] and [teleport, targets] with inputs: [Player, 0123, @e, dd12be42-52a9-4a91-a8a1-11c01849e498]
[17:00:55] [main/WARN]: Ambiguity between arguments [teleport, location] and [teleport, destination] with inputs: [0.1 -0.5 .9, 0 0 0]
[17:00:55] [main/WARN]: Ambiguity between arguments [teleport, location] and [teleport, targets] with inputs: [0.1 -0.5 .9, 0 0 0]
[17:00:55] [main/WARN]: Ambiguity between arguments [teleport, targets] and [teleport, destination] with inputs: [Player, 0123, dd12be42-52a9-4a91-a8a1-11c01849e498]
[17:00:55] [main/WARN]: Ambiguity between arguments [teleport, targets, location] and [teleport, targets, destination] with inputs: [0.1 -0.5 .9, 0 0 0]
[17:00:55] [Server thread/INFO]: Starting integrated minecraft server version 1.15.2
[17:00:55] [Server thread/INFO]: Generating keypair
[17:00:55] [Server thread/INFO]: [fabric-registry-sync] Loaded registry data [file 1/4]
[17:00:55] [Server thread/INFO]: Reloading ResourceManager: Default, Fabric Mining Levels (v0)
[17:00:57] [Server thread/INFO]: Loaded 6 recipes
[17:00:57] [Server thread/INFO]: Loaded 825 advancements
[17:00:58] [Server thread/INFO]: Preparing start region for dimension minecraft:overworld
[17:01:00] [main/INFO]: Preparing spawn area: 0%
[17:01:00] [main/INFO]: Preparing spawn area: 0%
[17:01:00] [main/INFO]: Preparing spawn area: 0%
[17:01:00] [main/INFO]: Preparing spawn area: 0%
[17:01:00] [main/INFO]: Preparing spawn area: 0%
[17:01:01] [main/INFO]: Preparing spawn area: 34%
[17:01:01] [main/INFO]: Time elapsed: 2929 ms
[17:01:01] [Server thread/INFO]: Changing view distance to 11, from 10
[17:01:02] [Server thread/INFO]: Player905[local:E:68ef0c5a] logged in with entity id 139 at (-245.5387395569491, 67.0, 290.8380238250693)
[17:01:02] [Server thread/INFO]: Player905 joined the game
[17:01:03] [Server thread/INFO]: Saving and pausing game...
[17:01:03] [Server thread/INFO]: Saving chunks for level 'Mod Test'/minecraft:overworld
[17:01:05] [Server thread/INFO]: Saving chunks for level 'Mod Test'/minecraft:the_nether
[17:01:05] [Server thread/INFO]: Saving chunks for level 'Mod Test'/minecraft:the_end
[17:01:05] [Server thread/WARN]: Can't keep up! Is the server overloaded? Running 3511ms or 70 ticks behind
[17:01:05] [main/INFO]: Loaded 0 advancements
[17:01:24] [Server thread/WARN]: Can't keep up! Is the server overloaded? Running 3825ms or 76 ticks behind
[17:01:54] [Server thread/INFO]: [Player905: Applied effect Hunger to Player905]
[17:01:54] [main/INFO]: [CHAT] Applied effect Hunger to Player905
[17:02:02] [Server thread/INFO]: [Player905: Applied effect Hunger to Player905]
[17:02:02] [main/INFO]: [CHAT] Applied effect Hunger to Player905
[17:02:15] [main/INFO]: Loaded 12 advancements
[17:02:27] [main/INFO]: Stopping!
[17:02:27] [Server thread/INFO]: Player905 lost connection: Disconnected
[17:02:27] [Server thread/INFO]: Player905 left the game
[17:02:27] [Server thread/INFO]: Stopping singleplayer server as player logged out
[17:02:27] [Server thread/INFO]: Stopping server
[17:02:27] [Server thread/INFO]: Saving players
[17:02:27] [Server thread/INFO]: Saving worlds
[17:02:27] [Server thread/INFO]: Saving chunks for level 'Mod Test'/minecraft:overworld
[17:02:28] [Server thread/INFO]: ThreadedAnvilChunkStorage (Mod Test): All chunks are saved
[17:02:28] [Server thread/INFO]: Saving chunks for level 'Mod Test'/minecraft:the_nether
[17:02:28] [Server thread/INFO]: ThreadedAnvilChunkStorage (DIM-1): All chunks are saved
[17:02:28] [Server thread/INFO]: Saving chunks for level 'Mod Test'/minecraft:the_end
[17:02:28] [Server thread/INFO]: ThreadedAnvilChunkStorage (DIM1): All chunks are saved
[17:02:28] [Server thread/INFO]: ThreadedAnvilChunkStorage (Mod Test): All chunks are saved
[17:02:28] [Server thread/INFO]: ThreadedAnvilChunkStorage (DIM-1): All chunks are saved
[17:02:28] [Server thread/INFO]: ThreadedAnvilChunkStorage (DIM1): All chunks are saved
